<?xml version="1.0" encoding="UTF-8"?>
<!-- Generated by org.testng.reporters.JUnitReportReporter -->
<testsuite hostname="DESKTOP-ABLBB1N" failures="0" tests="2" name="Day2.postRequestBodyDifferentWays" time="2.755" errors="0" timestamp="2024-12-25T13:16:05 IST" skipped="0">
  <testcase classname="Day2.postRequestBodyDifferentWays" name="testPostUsingJsonFileData" time="2.711"/>
  <testcase classname="Day2.postRequestBodyDifferentWays" name="testDeleteJsonFileData" time="0.044"/>
</testsuite> <!-- Day2.postRequestBodyDifferentWays -->
