<?xml version="1.0" encoding="UTF-8"?>
<!-- Generated by org.testng.reporters.JUnitReportReporter -->
<testsuite hostname="DESKTOP-ABLBB1N" failures="0" tests="1" name="Day3.cookiesDemo" time="3.056" errors="0" timestamp="2024-12-24T14:00:31 IST" skipped="0">
  <testcase classname="Day3.cookiesDemo" name="getCookiesInfo" time="3.056"/>
</testsuite> <!-- Day3.cookiesDemo -->
