<?xml version="1.0" encoding="UTF-8"?>
<!-- Generated by org.testng.reporters.JUnitReportReporter -->
<testsuite hostname="DESKTOP-ABLBB1N" failures="0" tests="1" name="Day8.GetUser" time="3.238" errors="0" timestamp="2025-03-24T10:47:37 IST" skipped="0">
  <testcase classname="Day8.GetUser" name="userGet" time="3.238"/>
</testsuite> <!-- Day8.GetUser -->
