<?xml version="1.0" encoding="UTF-8"?>
<!-- Generated by org.testng.reporters.JUnitReportReporter -->
<testsuite hostname="DESKTOP-ABLBB1N" failures="0" tests="1" name="Day8.DeleteUser" time="2.553" errors="0" timestamp="2024-12-26T17:06:40 IST" skipped="0">
  <testcase classname="Day8.DeleteUser" name="userDelete" time="2.553"/>
</testsuite> <!-- Day8.DeleteUser -->
