<?xml version="1.0" encoding="UTF-8"?>
<!-- Generated by org.testng.reporters.JUnitReportReporter -->
<testsuite hostname="DESKTOP-ABLBB1N" failures="0" tests="1" name="Day8.CreateUser" time="5.410" errors="0" timestamp="2025-03-24T10:47:37 IST" skipped="0">
  <testcase classname="Day8.CreateUser" name="userCreation" time="5.410"/>
</testsuite> <!-- Day8.CreateUser -->
