<?xml version="1.0" encoding="UTF-8"?>
<!-- Generated by org.testng.reporters.JUnitReportReporter -->
<testsuite hostname="DESKTOP-ABLBB1N" failures="0" tests="4" name="Day1.HTTPRequest" time="12.333" errors="0" timestamp="2025-03-24T07:44:45 IST" skipped="0">
  <testcase classname="Day1.HTTPRequest" name="createUser" time="6.234"/>
  <testcase classname="Day1.HTTPRequest" name="getUsers" time="1.432"/>
  <testcase classname="Day1.HTTPRequest" name="updateUser" time="2.510"/>
  <testcase classname="Day1.HTTPRequest" name="deleteUser" time="2.157"/>
</testsuite> <!-- Day1.HTTPRequest -->
