<?xml version="1.0" encoding="UTF-8"?>
<!-- Generated by org.testng.reporters.JUnitReportReporter -->
<testsuite hostname="DESKTOP-ABLBB1N" failures="0" tests="1" name="Day3.LoggingDemo" time="4.211" errors="0" timestamp="2024-12-24T14:33:29 IST" skipped="0">
  <testcase classname="Day3.LoggingDemo" name="testlogs" time="4.211"/>
</testsuite> <!-- Day3.LoggingDemo -->
