<?xml version="1.0" encoding="UTF-8"?>
<!-- Generated by org.testng.reporters.JUnitReportReporter -->
<testsuite hostname="DESKTOP-ABLBB1N" failures="0" tests="1" name="Day6.jsonSchemaValidation" time="2.429" errors="0" timestamp="2024-12-25T19:58:21 IST" skipped="0">
  <testcase classname="Day6.jsonSchemaValidation" name="jsonScheman" time="2.429"/>
</testsuite> <!-- Day6.jsonSchemaValidation -->
