<?xml version="1.0" encoding="UTF-8"?>
<!-- Generated by org.testng.reporters.JUnitReportReporter -->
<testsuite hostname="DESKTOP-ABLBB1N" failures="0" tests="4" name="Day1.HTTPRequest" time="5.700" errors="0" timestamp="2024-12-25T13:13:11 IST" skipped="0">
  <testcase classname="Day1.HTTPRequest" name="createUser" time="4.191"/>
  <testcase classname="Day1.HTTPRequest" name="getUsers" time="0.420"/>
  <testcase classname="Day1.HTTPRequest" name="updateUser" time="0.554"/>
  <testcase classname="Day1.HTTPRequest" name="deleteUser" time="0.535"/>
</testsuite> <!-- Day1.HTTPRequest -->
