<?xml version="1.0" encoding="UTF-8"?>
<!-- Generated by org.testng.reporters.JUnitReportReporter -->
<testsuite hostname="DESKTOP-ABLBB1N" failures="0" tests="1" name="Day3.RestAssuredQueryParameters" time="3.129" errors="0" timestamp="2024-12-24T13:30:10 IST" skipped="0">
  <testcase classname="Day3.RestAssuredQueryParameters" name="testQueryAndPathParameters" time="3.129"/>
</testsuite> <!-- Day3.RestAssuredQueryParameters -->
