<?xml version="1.0" encoding="UTF-8"?>
<!-- Generated by org.testng.reporters.JUnitReportReporter -->
<testsuite hostname="DESKTOP-ABLBB1N" failures="0" tests="1" name="Day3.HeadersDemo" time="3.060" errors="0" timestamp="2024-12-24T14:26:25 IST" skipped="0">
  <testcase classname="Day3.HeadersDemo" name="getHeaders" time="3.060"/>
</testsuite> <!-- Day3.HeadersDemo -->
