<?xml version="1.0" encoding="UTF-8"?>
<!-- Generated by org.testng.reporters.JUnitReportReporter -->
<testsuite hostname="DESKTOP-ABLBB1N" failures="0" tests="1" name="Day7.FakerDataGenerator" time="0.298" errors="0" timestamp="2025-03-24T10:39:50 IST" skipped="0">
  <testcase classname="Day7.FakerDataGenerator" name="testGenerateData" time="0.298"/>
</testsuite> <!-- Day7.FakerDataGenerator -->
