<?xml version="1.0" encoding="UTF-8"?>
<!-- Generated by org.testng.reporters.JUnitReportReporter -->
<testsuite hostname="DESKTOP-ABLBB1N" failures="0" tests="1" name="Day8.CreateUser" time="4.113" errors="0" timestamp="2024-12-26T17:06:40 IST" skipped="0">
  <testcase classname="Day8.CreateUser" name="userCreation" time="4.113"/>
</testsuite> <!-- Day8.CreateUser -->
