<?xml version="1.0" encoding="UTF-8"?>
<!-- Generated by org.testng.reporters.JUnitReportReporter -->
<testsuite hostname="DESKTOP-ABLBB1N" failures="0" tests="1" name="Day4.ParsingJsonResponseData" time="2.390" errors="0" timestamp="2024-12-25T13:34:51 IST" skipped="0">
  <testcase classname="Day4.ParsingJsonResponseData" name="testJsonResponseBodyData" time="2.390"/>
</testsuite> <!-- Day4.ParsingJsonResponseData -->
