<?xml version="1.0" encoding="UTF-8"?>
<!-- Generated by org.testng.reporters.JUnitReportReporter -->
<testsuite hostname="DESKTOP-ABLBB1N" failures="0" tests="1" name="Day7.FakerDataGenerator" time="0.324" errors="0" timestamp="2024-12-26T12:53:19 IST" skipped="0">
  <testcase classname="Day7.FakerDataGenerator" name="testGenerateData" time="0.324"/>
</testsuite> <!-- Day7.FakerDataGenerator -->
