<?xml version="1.0" encoding="UTF-8"?>
<!-- Generated by org.testng.reporters.JUnitReportReporter -->
<testsuite hostname="DESKTOP-ABLBB1N" failures="0" tests="2" name="Day6.SerializationAndDeserialization" time="0.336" errors="0" timestamp="2024-12-26T08:49:33 IST" skipped="0">
  <testcase classname="Day6.SerializationAndDeserialization" name="serialization" time="0.026"/>
  <testcase classname="Day6.SerializationAndDeserialization" name="deserialization" time="0.310"/>
</testsuite> <!-- Day6.SerializationAndDeserialization -->
